Build started 11/26/2014 2:02:08 PM.
     1>Project "C:\Programmering\CFun\Inlämning\Inlämning6\Inlämning6\Inlämning6.vcxproj" on node 2 (Build target(s)).
     1>ClCompile:
         C:\Program Files (x86)\Microsoft Visual Studio 12.0\VC\bin\CL.exe /c /ZI /nologo /W3 /WX- /sdl /Od /Oy- /D _MBCS /Gm /EHsc /RTC1 /MDd /GS /fp:precise /Zc:wchar_t /Zc:forScope /Fo"Debug\\" /Fd"Debug\vc120.pdb" /Gd /TP /analyze- /errorReport:prompt Main.cpp
         Main.cpp
     1>c:\programmering\cfun\inlämning\inlämning6\inlämning6\array.h(18): error C2955: 'Integer' : use of class template requires template argument list
                 c:\programmering\cfun\inlämning\inlämning6\inlämning6\integer.h(24) : see declaration of 'Integer'
                 c:\programmering\cfun\inlämning\inlämning6\inlämning6\main.cpp(9) : see reference to class template instantiation 'Array<int>' being compiled
     1>Done Building Project "C:\Programmering\CFun\Inlämning\Inlämning6\Inlämning6\Inlämning6.vcxproj" (Build target(s)) -- FAILED.

Build FAILED.

Time Elapsed 00:00:00.32
