Build started 2014-09-24 00:42:21.
     1>Project "C:\CFun\Inlämning\Inlämning2\Inlämning2\Inlämning2.vcxproj" on node 2 (Build target(s)).
     1>Link:
         C:\Program Files (x86)\Microsoft Visual Studio 12.0\VC\bin\link.exe /ERRORREPORT:PROMPT /OUT:"C:\CFun\Inlämning\Inlämning2\Debug\Inlämning2.exe" /INCREMENTAL /NOLOGO kernel32.lib user32.lib gdi32.lib winspool.lib comdlg32.lib advapi32.lib shell32.lib ole32.lib oleaut32.lib uuid.lib odbc32.lib odbccp32.lib /MANIFEST /MANIFESTUAC:"level='asInvoker' uiAccess='false'" /manifest:embed /DEBUG /PDB:"C:\CFun\Inlämning\Inlämning2\Debug\Inlämning2.pdb" /TLBID:1 /DYNAMICBASE /NXCOMPAT /IMPLIB:"C:\CFun\Inlämning\Inlämning2\Debug\Inlämning2.lib" /MACHINE:X86 Debug\Fibonacci.obj
         Debug\GuessNumber.obj
         Debug\InputValidation.obj
         Debug\main.obj
         Debug\GameManager.obj
         Debug\Random.obj
         Debug\ThrowDice.obj
     1>ThrowDice.obj : error LNK2019: unresolved external symbol _drawResult referenced in function _castDice
     1>C:\CFun\Inlämning\Inlämning2\Debug\Inlämning2.exe : fatal error LNK1120: 1 unresolved externals
     1>Done Building Project "C:\CFun\Inlämning\Inlämning2\Inlämning2\Inlämning2.vcxproj" (Build target(s)) -- FAILED.

Build FAILED.

Time Elapsed 00:00:00.12
